<?xml version="1.0" encoding="UTF-8"?>
<testng-results ignored="0" total="1" passed="1" failed="0" skipped="0">
  <reporter-output>
  </reporter-output>
  <suite started-at="2020-10-16T12:56:33 MSK" name="FirstTest" finished-at="2020-10-16T12:56:39 MSK" duration-ms="6376">
    <groups>
    </groups>
    <test started-at="2020-10-16T12:56:33 MSK" name="Command line test" finished-at="2020-10-16T12:56:39 MSK" duration-ms="6376">
      <class name="FirstTest">
        <test-method is-config="true" signature="setUp()[pri:0, instance:FirstTest@15eb5ee5]" started-at="2020-10-16T12:56:33 MSK" name="setUp" finished-at="2020-10-16T12:56:38 MSK" duration-ms="5587" status="PASS">
          <reporter-output>
          </reporter-output>
        </test-method> <!-- setUp -->
        <test-method signature="ourFirstTest()[pri:0, instance:FirstTest@15eb5ee5]" started-at="2020-10-16T12:56:38 MSK" name="ourFirstTest" finished-at="2020-10-16T12:56:39 MSK" duration-ms="702" status="PASS">
          <reporter-output>
          </reporter-output>
        </test-method> <!-- ourFirstTest -->
        <test-method is-config="true" signature="stopBrowser()[pri:0, instance:FirstTest@15eb5ee5]" started-at="2020-10-16T12:56:39 MSK" name="stopBrowser" finished-at="2020-10-16T12:56:39 MSK" duration-ms="67" status="PASS">
          <reporter-output>
          </reporter-output>
        </test-method> <!-- stopBrowser -->
      </class> <!-- FirstTest -->
    </test> <!-- Command line test -->
  </suite> <!-- FirstTest -->
</testng-results>
