<?xml version="1.0" encoding="UTF-8"?>
<testng-results ignored="0" total="1" passed="1" failed="0" skipped="0">
  <reporter-output>
  </reporter-output>
  <suite started-at="2020-10-16T13:10:09 MSK" name="FirstTest" finished-at="2020-10-16T13:10:15 MSK" duration-ms="6381">
    <groups>
    </groups>
    <test started-at="2020-10-16T13:10:09 MSK" name="Command line test" finished-at="2020-10-16T13:10:15 MSK" duration-ms="6381">
      <class name="FirstTest">
        <test-method is-config="true" signature="setUp()[pri:0, instance:FirstTest@15eb5ee5]" started-at="2020-10-16T13:10:09 MSK" name="setUp" finished-at="2020-10-16T13:10:14 MSK" duration-ms="5629" status="PASS">
          <reporter-output>
          </reporter-output>
        </test-method> <!-- setUp -->
        <test-method signature="ourFirstTest()[pri:0, instance:FirstTest@15eb5ee5]" started-at="2020-10-16T13:10:14 MSK" name="ourFirstTest" finished-at="2020-10-16T13:10:15 MSK" duration-ms="670" status="PASS">
          <reporter-output>
          </reporter-output>
        </test-method> <!-- ourFirstTest -->
        <test-method is-config="true" signature="stopBrowser()[pri:0, instance:FirstTest@15eb5ee5]" started-at="2020-10-16T13:10:15 MSK" name="stopBrowser" finished-at="2020-10-16T13:10:15 MSK" duration-ms="63" status="PASS">
          <reporter-output>
          </reporter-output>
        </test-method> <!-- stopBrowser -->
      </class> <!-- FirstTest -->
    </test> <!-- Command line test -->
  </suite> <!-- FirstTest -->
</testng-results>
